2026-01-19 23:14:03,865 INFO o.a.j.u.JMeterUtils: Setting Locale to en_EN
2026-01-19 23:14:03,879 INFO o.a.j.JMeter: Loading user properties from: /opt/homebrew/Cellar/jmeter/5.6.3/libexec/bin/user.properties
2026-01-19 23:14:03,880 INFO o.a.j.JMeter: Loading system properties from: /opt/homebrew/Cellar/jmeter/5.6.3/libexec/bin/system.properties
2026-01-19 23:14:03,883 INFO o.a.j.JMeter: Copyright (c) 1998-2024 The Apache Software Foundation
2026-01-19 23:14:03,883 INFO o.a.j.JMeter: Version 5.6.3
2026-01-19 23:14:03,883 INFO o.a.j.JMeter: java.version=21.0.9
2026-01-19 23:14:03,883 INFO o.a.j.JMeter: java.vm.name=OpenJDK 64-Bit Server VM
2026-01-19 23:14:03,883 INFO o.a.j.JMeter: os.name=Mac OS X
2026-01-19 23:14:03,883 INFO o.a.j.JMeter: os.arch=aarch64
2026-01-19 23:14:03,883 INFO o.a.j.JMeter: os.version=26.2
2026-01-19 23:14:03,883 INFO o.a.j.JMeter: file.encoding=UTF-8
2026-01-19 23:14:03,883 INFO o.a.j.JMeter: java.awt.headless=true
2026-01-19 23:14:03,883 INFO o.a.j.JMeter: Max memory     =1073741824
2026-01-19 23:14:03,883 INFO o.a.j.JMeter: Available Processors =10
2026-01-19 23:14:03,890 INFO o.a.j.JMeter: Default Locale=English (EN)
2026-01-19 23:14:03,890 INFO o.a.j.JMeter: JMeter  Locale=English (EN)
2026-01-19 23:14:03,890 INFO o.a.j.JMeter: JMeterHome=/opt/homebrew/Cellar/jmeter/5.6.3/libexec
2026-01-19 23:14:03,890 INFO o.a.j.JMeter: user.dir  =/Users/kallo/Tester
2026-01-19 23:14:03,890 INFO o.a.j.JMeter: PWD       =/Users/kallo/Tester
2026-01-19 23:14:03,902 INFO o.a.j.JMeter: IP: 192.168.50.139 Name: MacBookPro FullName: 192.168.50.139
2026-01-19 23:14:03,910 INFO o.a.j.s.FileServer: Default base='/Users/kallo/Tester'
2026-01-19 23:14:03,911 INFO o.a.j.s.FileServer: Set new base='/Users/kallo/Tester/jmeter'
2026-01-19 23:14:04,008 INFO o.a.j.s.SaveService: Testplan (JMX) version: 2.2. Testlog (JTL) version: 2.2
2026-01-19 23:14:04,034 INFO o.a.j.s.SaveService: Using SaveService properties version 5.0
2026-01-19 23:14:04,036 INFO o.a.j.s.SaveService: Using SaveService properties file encoding UTF-8
2026-01-19 23:14:04,038 INFO o.a.j.s.SaveService: Loading file: jmeter/performance_test.jmx
2026-01-19 23:14:04,074 INFO o.a.j.p.h.s.HTTPSamplerBase: Parser for text/html is org.apache.jmeter.protocol.http.parser.LagartoBasedHtmlParser
2026-01-19 23:14:04,074 INFO o.a.j.p.h.s.HTTPSamplerBase: Parser for application/xhtml+xml is org.apache.jmeter.protocol.http.parser.LagartoBasedHtmlParser
2026-01-19 23:14:04,074 INFO o.a.j.p.h.s.HTTPSamplerBase: Parser for application/xml is org.apache.jmeter.protocol.http.parser.LagartoBasedHtmlParser
2026-01-19 23:14:04,074 INFO o.a.j.p.h.s.HTTPSamplerBase: Parser for text/xml is org.apache.jmeter.protocol.http.parser.LagartoBasedHtmlParser
2026-01-19 23:14:04,074 INFO o.a.j.p.h.s.HTTPSamplerBase: Parser for text/vnd.wap.wml is org.apache.jmeter.protocol.http.parser.RegexpHTMLParser
2026-01-19 23:14:04,074 INFO o.a.j.p.h.s.HTTPSamplerBase: Parser for text/css is org.apache.jmeter.protocol.http.parser.CssParser
2026-01-19 23:14:04,092 INFO o.a.j.JMeter: Creating summariser <summary>
2026-01-19 23:14:04,100 INFO o.a.j.e.StandardJMeterEngine: Running the test!
2026-01-19 23:14:04,100 INFO o.a.j.s.SampleEvent: List of sample_variables: []
2026-01-19 23:14:04,100 INFO o.a.j.s.SampleEvent: List of sample_variables: []
2026-01-19 23:14:04,102 INFO o.a.j.e.u.CompoundVariable: Note: Function class names must contain the string: '.functions.'
2026-01-19 23:14:04,102 INFO o.a.j.e.u.CompoundVariable: Note: Function class names must not contain the string: '.gui.'
2026-01-19 23:14:04,137 INFO o.a.j.r.ClassFinder: Will scan jar /opt/homebrew/Cellar/jmeter/5.6.3/libexec/lib/ext/jmeter-plugins-manager-1.9.jar with filter ExtendsClassFilter [parents=[interface org.apache.jmeter.functions.Function], inner=false, contains=null, notContains=null]. Consider exposing JMeter plugins via META-INF/services, and add JMeter-Skip-Class-Scanning=true manifest attribute so JMeter can skip classfile scanning
2026-01-19 23:14:04,194 INFO o.a.j.JMeter: Running test (1768839244194)
2026-01-19 23:14:04,208 INFO o.a.j.e.StandardJMeterEngine: Starting ThreadGroup: 1 : Thread Group 1 - Basic
2026-01-19 23:14:04,208 INFO o.a.j.e.StandardJMeterEngine: Starting 10 threads for group Thread Group 1 - Basic.
2026-01-19 23:14:04,208 INFO o.a.j.e.StandardJMeterEngine: Thread will continue on error
2026-01-19 23:14:04,208 INFO o.a.j.t.ThreadGroup: Starting thread group... number=1 threads=10 ramp-up=1 delayedStart=false
2026-01-19 23:14:04,212 INFO o.a.j.t.JMeterThread: Thread started: Thread Group 1 - Basic 1-1
2026-01-19 23:14:04,213 INFO o.a.j.t.ThreadGroup: Started thread group number 1
2026-01-19 23:14:04,213 INFO o.a.j.e.StandardJMeterEngine: Starting ThreadGroup: 2 : Thread Group 2 - Heavy Load
2026-01-19 23:14:04,213 INFO o.a.j.e.StandardJMeterEngine: Starting 50 threads for group Thread Group 2 - Heavy Load.
2026-01-19 23:14:04,213 INFO o.a.j.e.StandardJMeterEngine: Thread will continue on error
2026-01-19 23:14:04,213 INFO o.a.j.t.ThreadGroup: Starting thread group... number=2 threads=50 ramp-up=30 delayedStart=false
2026-01-19 23:14:04,213 INFO o.a.j.t.JMeterThread: Thread started: Thread Group 2 - Heavy Load 2-1
2026-01-19 23:14:04,222 INFO o.a.j.t.ThreadGroup: Started thread group number 2
2026-01-19 23:14:04,222 INFO o.a.j.e.StandardJMeterEngine: Starting ThreadGroup: 3 : Thread Group 3 - Custom
2026-01-19 23:14:04,222 INFO o.a.j.e.StandardJMeterEngine: Starting 20 threads for group Thread Group 3 - Custom.
2026-01-19 23:14:04,223 INFO o.a.j.e.StandardJMeterEngine: Thread will continue on error
2026-01-19 23:14:04,223 INFO o.a.j.t.ThreadGroup: Starting thread group... number=3 threads=20 ramp-up=10 delayedStart=false
2026-01-19 23:14:04,223 INFO o.a.j.t.JMeterThread: Thread started: Thread Group 3 - Custom 3-1
2026-01-19 23:14:04,225 INFO o.a.j.p.h.s.HTTPHCAbstractImpl: Local host = MacBookPro
2026-01-19 23:14:04,226 INFO o.a.j.t.ThreadGroup: Started thread group number 3
2026-01-19 23:14:04,226 INFO o.a.j.e.StandardJMeterEngine: All thread groups have been started
2026-01-19 23:14:04,229 INFO o.a.j.p.h.s.HTTPHC4Impl: HTTP request retry count = 0
2026-01-19 23:14:04,230 INFO o.a.j.s.SampleResult: Note: Sample TimeStamps are START times
2026-01-19 23:14:04,230 INFO o.a.j.s.SampleResult: sampleresult.default.encoding is set to UTF-8
2026-01-19 23:14:04,230 INFO o.a.j.s.SampleResult: sampleresult.useNanoTime=true
2026-01-19 23:14:04,230 INFO o.a.j.s.SampleResult: sampleresult.nanoThreadSleep=5000
2026-01-19 23:14:04,307 INFO o.a.j.p.h.s.h.LazyLayeredConnectionSocketFactory: Setting up HTTPS TrustAll Socket Factory
2026-01-19 23:14:04,311 INFO o.a.j.u.JsseSSLManager: Using default SSL protocol: TLS
2026-01-19 23:14:04,311 INFO o.a.j.u.JsseSSLManager: SSL session context: per-thread
2026-01-19 23:14:04,314 INFO o.a.j.t.JMeterThread: Thread started: Thread Group 1 - Basic 1-2
2026-01-19 23:14:04,413 INFO o.a.j.t.JMeterThread: Thread started: Thread Group 1 - Basic 1-3
2026-01-19 23:14:04,444 INFO o.a.j.u.SSLManager: JmeterKeyStore Location:  type JKS
2026-01-19 23:14:04,446 INFO o.a.j.u.SSLManager: KeyStore created OK
2026-01-19 23:14:04,446 WARN o.a.j.u.SSLManager: Keystore file not found, loading empty keystore
2026-01-19 23:14:04,514 INFO o.a.j.t.JMeterThread: Thread started: Thread Group 1 - Basic 1-4
2026-01-19 23:14:04,612 INFO o.a.j.t.JMeterThread: Thread started: Thread Group 1 - Basic 1-5
2026-01-19 23:14:04,714 INFO o.a.j.t.JMeterThread: Thread started: Thread Group 1 - Basic 1-6
2026-01-19 23:14:04,728 INFO o.a.j.t.JMeterThread: Thread started: Thread Group 3 - Custom 3-2
2026-01-19 23:14:04,813 INFO o.a.j.t.JMeterThread: Thread started: Thread Group 1 - Basic 1-7
2026-01-19 23:14:04,819 INFO o.a.j.t.JMeterThread: Thread started: Thread Group 2 - Heavy Load 2-2
2026-01-19 23:14:04,913 INFO o.a.j.t.JMeterThread: Thread started: Thread Group 1 - Basic 1-8
2026-01-19 23:14:04,987 INFO o.a.j.r.Summariser: summary +      1 in 00:00:01 =    1.3/s Avg:   571 Min:   571 Max:   571 Err:     0 (0.00%) Active: 12 Started: 12 Finished: 0
2026-01-19 23:14:05,014 INFO o.a.j.t.JMeterThread: Thread started: Thread Group 1 - Basic 1-9
2026-01-19 23:14:05,109 INFO o.a.j.t.JMeterThread: Thread started: Thread Group 1 - Basic 1-10
2026-01-19 23:14:05,219 INFO o.a.j.t.JMeterThread: Thread is done: Thread Group 2 - Heavy Load 2-1
2026-01-19 23:14:05,219 INFO o.a.j.t.JMeterThread: Thread finished: Thread Group 2 - Heavy Load 2-1
2026-01-19 23:14:05,224 INFO o.a.j.t.JMeterThread: Thread started: Thread Group 3 - Custom 3-3
2026-01-19 23:14:05,415 INFO o.a.j.t.JMeterThread: Thread started: Thread Group 2 - Heavy Load 2-3
2026-01-19 23:14:05,460 INFO o.a.j.t.JMeterThread: Thread is done: Thread Group 2 - Heavy Load 2-2
2026-01-19 23:14:05,460 INFO o.a.j.t.JMeterThread: Thread finished: Thread Group 2 - Heavy Load 2-2
2026-01-19 23:14:05,487 INFO o.a.j.t.JMeterThread: Thread is done: Thread Group 1 - Basic 1-3
2026-01-19 23:14:05,487 INFO o.a.j.t.JMeterThread: Thread finished: Thread Group 1 - Basic 1-3
2026-01-19 23:14:05,598 INFO o.a.j.t.JMeterThread: Thread is done: Thread Group 1 - Basic 1-2
2026-01-19 23:14:05,598 INFO o.a.j.t.JMeterThread: Thread finished: Thread Group 1 - Basic 1-2
2026-01-19 23:14:05,613 INFO o.a.j.t.JMeterThread: Thread is done: Thread Group 1 - Basic 1-1
2026-01-19 23:14:05,614 INFO o.a.j.t.JMeterThread: Thread finished: Thread Group 1 - Basic 1-1
2026-01-19 23:14:05,724 INFO o.a.j.t.JMeterThread: Thread started: Thread Group 3 - Custom 3-4
2026-01-19 23:14:05,773 INFO o.a.j.t.JMeterThread: Thread is done: Thread Group 1 - Basic 1-5
2026-01-19 23:14:05,773 INFO o.a.j.t.JMeterThread: Thread finished: Thread Group 1 - Basic 1-5
2026-01-19 23:14:05,791 INFO o.a.j.t.JMeterThread: Thread is done: Thread Group 1 - Basic 1-4
2026-01-19 23:14:05,791 INFO o.a.j.t.JMeterThread: Thread finished: Thread Group 1 - Basic 1-4
2026-01-19 23:14:05,845 INFO o.a.j.t.JMeterThread: Thread is done: Thread Group 1 - Basic 1-6
2026-01-19 23:14:05,845 INFO o.a.j.t.JMeterThread: Thread finished: Thread Group 1 - Basic 1-6
2026-01-19 23:14:05,955 INFO o.a.j.t.JMeterThread: Thread is done: Thread Group 1 - Basic 1-7
2026-01-19 23:14:05,955 INFO o.a.j.t.JMeterThread: Thread finished: Thread Group 1 - Basic 1-7
2026-01-19 23:14:06,005 INFO o.a.j.t.JMeterThread: Thread is done: Thread Group 1 - Basic 1-9
2026-01-19 23:14:06,005 INFO o.a.j.t.JMeterThread: Thread finished: Thread Group 1 - Basic 1-9
2026-01-19 23:14:06,018 INFO o.a.j.t.JMeterThread: Thread started: Thread Group 2 - Heavy Load 2-4
2026-01-19 23:14:06,053 INFO o.a.j.t.JMeterThread: Thread is done: Thread Group 2 - Heavy Load 2-3
2026-01-19 23:14:06,053 INFO o.a.j.t.JMeterThread: Thread finished: Thread Group 2 - Heavy Load 2-3
2026-01-19 23:14:06,060 INFO o.a.j.t.JMeterThread: Thread is done: Thread Group 1 - Basic 1-8
2026-01-19 23:14:06,060 INFO o.a.j.t.JMeterThread: Thread finished: Thread Group 1 - Basic 1-8
2026-01-19 23:14:06,107 INFO o.a.j.t.JMeterThread: Thread is done: Thread Group 1 - Basic 1-10
2026-01-19 23:14:06,107 INFO o.a.j.t.JMeterThread: Thread finished: Thread Group 1 - Basic 1-10
2026-01-19 23:14:06,229 INFO o.a.j.t.JMeterThread: Thread started: Thread Group 3 - Custom 3-5
2026-01-19 23:14:06,618 INFO o.a.j.t.JMeterThread: Thread started: Thread Group 2 - Heavy Load 2-5
2026-01-19 23:14:06,726 INFO o.a.j.t.JMeterThread: Thread is done: Thread Group 2 - Heavy Load 2-4
2026-01-19 23:14:06,726 INFO o.a.j.t.JMeterThread: Thread finished: Thread Group 2 - Heavy Load 2-4
2026-01-19 23:14:06,728 INFO o.a.j.t.JMeterThread: Thread started: Thread Group 3 - Custom 3-6
2026-01-19 23:14:07,219 INFO o.a.j.t.JMeterThread: Thread started: Thread Group 2 - Heavy Load 2-6
2026-01-19 23:14:07,228 INFO o.a.j.t.JMeterThread: Thread started: Thread Group 3 - Custom 3-7
2026-01-19 23:14:07,264 INFO o.a.j.t.JMeterThread: Thread is done: Thread Group 2 - Heavy Load 2-5
2026-01-19 23:14:07,264 INFO o.a.j.t.JMeterThread: Thread finished: Thread Group 2 - Heavy Load 2-5
2026-01-19 23:14:07,723 INFO o.a.j.t.JMeterThread: Thread started: Thread Group 3 - Custom 3-8
2026-01-19 23:14:07,813 INFO o.a.j.t.JMeterThread: Thread started: Thread Group 2 - Heavy Load 2-7
2026-01-19 23:14:07,930 INFO o.a.j.t.JMeterThread: Thread is done: Thread Group 2 - Heavy Load 2-6
2026-01-19 23:14:07,930 INFO o.a.j.t.JMeterThread: Thread finished: Thread Group 2 - Heavy Load 2-6
2026-01-19 23:14:08,229 INFO o.a.j.t.JMeterThread: Thread started: Thread Group 3 - Custom 3-9
2026-01-19 23:14:08,416 INFO o.a.j.t.JMeterThread: Thread started: Thread Group 2 - Heavy Load 2-8
2026-01-19 23:14:08,490 INFO o.a.j.t.JMeterThread: Thread is done: Thread Group 2 - Heavy Load 2-7
2026-01-19 23:14:08,491 INFO o.a.j.t.JMeterThread: Thread finished: Thread Group 2 - Heavy Load 2-7
2026-01-19 23:14:08,725 INFO o.a.j.t.JMeterThread: Thread started: Thread Group 3 - Custom 3-10
2026-01-19 23:14:09,018 INFO o.a.j.t.JMeterThread: Thread started: Thread Group 2 - Heavy Load 2-9
2026-01-19 23:14:09,205 INFO o.a.j.t.JMeterThread: Thread is done: Thread Group 2 - Heavy Load 2-8
2026-01-19 23:14:09,205 INFO o.a.j.t.JMeterThread: Thread finished: Thread Group 2 - Heavy Load 2-8
2026-01-19 23:14:09,224 INFO o.a.j.t.JMeterThread: Thread started: Thread Group 3 - Custom 3-11
2026-01-19 23:14:09,618 INFO o.a.j.t.JMeterThread: Thread started: Thread Group 2 - Heavy Load 2-10
2026-01-19 23:14:09,729 INFO o.a.j.t.JMeterThread: Thread started: Thread Group 3 - Custom 3-12
2026-01-19 23:14:09,749 INFO o.a.j.t.JMeterThread: Thread is done: Thread Group 2 - Heavy Load 2-9
2026-01-19 23:14:09,749 INFO o.a.j.t.JMeterThread: Thread finished: Thread Group 2 - Heavy Load 2-9
2026-01-19 23:14:10,218 INFO o.a.j.t.JMeterThread: Thread started: Thread Group 2 - Heavy Load 2-11
2026-01-19 23:14:10,229 INFO o.a.j.t.JMeterThread: Thread started: Thread Group 3 - Custom 3-13
2026-01-19 23:14:10,444 INFO o.a.j.t.JMeterThread: Thread is done: Thread Group 2 - Heavy Load 2-10
2026-01-19 23:14:10,444 INFO o.a.j.t.JMeterThread: Thread finished: Thread Group 2 - Heavy Load 2-10
2026-01-19 23:14:10,724 INFO o.a.j.t.JMeterThread: Thread started: Thread Group 3 - Custom 3-14
2026-01-19 23:14:10,819 INFO o.a.j.t.JMeterThread: Thread started: Thread Group 2 - Heavy Load 2-12
2026-01-19 23:14:10,943 INFO o.a.j.t.JMeterThread: Thread is done: Thread Group 2 - Heavy Load 2-11
2026-01-19 23:14:10,943 INFO o.a.j.t.JMeterThread: Thread finished: Thread Group 2 - Heavy Load 2-11
2026-01-19 23:14:11,224 INFO o.a.j.t.JMeterThread: Thread started: Thread Group 3 - Custom 3-15
2026-01-19 23:14:11,418 INFO o.a.j.t.JMeterThread: Thread started: Thread Group 2 - Heavy Load 2-13
2026-01-19 23:14:11,533 INFO o.a.j.t.JMeterThread: Thread is done: Thread Group 2 - Heavy Load 2-12
2026-01-19 23:14:11,533 INFO o.a.j.t.JMeterThread: Thread finished: Thread Group 2 - Heavy Load 2-12
2026-01-19 23:14:11,724 INFO o.a.j.t.JMeterThread: Thread started: Thread Group 3 - Custom 3-16
2026-01-19 23:14:12,019 INFO o.a.j.t.JMeterThread: Thread started: Thread Group 2 - Heavy Load 2-14
2026-01-19 23:14:12,059 INFO o.a.j.t.JMeterThread: Thread is done: Thread Group 2 - Heavy Load 2-13
2026-01-19 23:14:12,059 INFO o.a.j.t.JMeterThread: Thread finished: Thread Group 2 - Heavy Load 2-13
2026-01-19 23:14:12,228 INFO o.a.j.t.JMeterThread: Thread started: Thread Group 3 - Custom 3-17
2026-01-19 23:14:12,613 INFO o.a.j.t.JMeterThread: Thread started: Thread Group 2 - Heavy Load 2-15
2026-01-19 23:14:12,641 INFO o.a.j.t.JMeterThread: Thread is done: Thread Group 2 - Heavy Load 2-14
2026-01-19 23:14:12,641 INFO o.a.j.t.JMeterThread: Thread finished: Thread Group 2 - Heavy Load 2-14
2026-01-19 23:14:12,728 INFO o.a.j.t.JMeterThread: Thread started: Thread Group 3 - Custom 3-18
2026-01-19 23:14:13,150 INFO o.a.j.t.JMeterThread: Thread is done: Thread Group 2 - Heavy Load 2-15
2026-01-19 23:14:13,150 INFO o.a.j.t.JMeterThread: Thread finished: Thread Group 2 - Heavy Load 2-15
2026-01-19 23:14:13,216 INFO o.a.j.t.JMeterThread: Thread started: Thread Group 2 - Heavy Load 2-16
2026-01-19 23:14:13,229 INFO o.a.j.t.JMeterThread: Thread started: Thread Group 3 - Custom 3-19
2026-01-19 23:14:13,728 INFO o.a.j.t.JMeterThread: Thread started: Thread Group 3 - Custom 3-20
2026-01-19 23:14:13,819 INFO o.a.j.t.JMeterThread: Thread started: Thread Group 2 - Heavy Load 2-17
2026-01-19 23:14:14,012 INFO o.a.j.t.JMeterThread: Thread is done: Thread Group 2 - Heavy Load 2-16
2026-01-19 23:14:14,012 INFO o.a.j.t.JMeterThread: Thread finished: Thread Group 2 - Heavy Load 2-16
2026-01-19 23:14:14,417 INFO o.a.j.t.JMeterThread: Thread started: Thread Group 2 - Heavy Load 2-18
2026-01-19 23:14:14,777 INFO o.a.j.t.JMeterThread: Thread is done: Thread Group 2 - Heavy Load 2-17
2026-01-19 23:14:14,777 INFO o.a.j.t.JMeterThread: Thread finished: Thread Group 2 - Heavy Load 2-17
2026-01-19 23:14:15,017 INFO o.a.j.t.JMeterThread: Thread started: Thread Group 2 - Heavy Load 2-19
2026-01-19 23:14:15,151 INFO o.a.j.t.JMeterThread: Thread is done: Thread Group 2 - Heavy Load 2-18
2026-01-19 23:14:15,151 INFO o.a.j.t.JMeterThread: Thread finished: Thread Group 2 - Heavy Load 2-18
2026-01-19 23:14:15,613 INFO o.a.j.t.JMeterThread: Thread started: Thread Group 2 - Heavy Load 2-20
2026-01-19 23:14:16,094 INFO o.a.j.t.JMeterThread: Thread is done: Thread Group 2 - Heavy Load 2-19
2026-01-19 23:14:16,094 INFO o.a.j.t.JMeterThread: Thread finished: Thread Group 2 - Heavy Load 2-19
2026-01-19 23:14:16,219 INFO o.a.j.t.JMeterThread: Thread started: Thread Group 2 - Heavy Load 2-21
2026-01-19 23:14:16,367 INFO o.a.j.t.JMeterThread: Thread is done: Thread Group 2 - Heavy Load 2-20
2026-01-19 23:14:16,367 INFO o.a.j.t.JMeterThread: Thread finished: Thread Group 2 - Heavy Load 2-20
2026-01-19 23:14:16,815 INFO o.a.j.t.JMeterThread: Thread started: Thread Group 2 - Heavy Load 2-22
2026-01-19 23:14:16,960 INFO o.a.j.t.JMeterThread: Thread is done: Thread Group 2 - Heavy Load 2-21
2026-01-19 23:14:16,961 INFO o.a.j.t.JMeterThread: Thread finished: Thread Group 2 - Heavy Load 2-21
2026-01-19 23:14:17,416 INFO o.a.j.t.JMeterThread: Thread started: Thread Group 2 - Heavy Load 2-23
2026-01-19 23:14:17,552 INFO o.a.j.t.JMeterThread: Thread is done: Thread Group 2 - Heavy Load 2-22
2026-01-19 23:14:17,552 INFO o.a.j.t.JMeterThread: Thread finished: Thread Group 2 - Heavy Load 2-22
2026-01-19 23:14:18,014 INFO o.a.j.t.JMeterThread: Thread started: Thread Group 2 - Heavy Load 2-24
2026-01-19 23:14:18,210 INFO o.a.j.t.JMeterThread: Thread is done: Thread Group 2 - Heavy Load 2-23
2026-01-19 23:14:18,210 INFO o.a.j.t.JMeterThread: Thread finished: Thread Group 2 - Heavy Load 2-23
2026-01-19 23:14:18,615 INFO o.a.j.t.JMeterThread: Thread started: Thread Group 2 - Heavy Load 2-25
2026-01-19 23:14:18,890 INFO o.a.j.t.JMeterThread: Thread is done: Thread Group 2 - Heavy Load 2-24
2026-01-19 23:14:18,890 INFO o.a.j.t.JMeterThread: Thread finished: Thread Group 2 - Heavy Load 2-24
2026-01-19 23:14:19,215 INFO o.a.j.t.JMeterThread: Thread started: Thread Group 2 - Heavy Load 2-26
2026-01-19 23:14:19,349 INFO o.a.j.t.JMeterThread: Thread is done: Thread Group 2 - Heavy Load 2-25
2026-01-19 23:14:19,349 INFO o.a.j.t.JMeterThread: Thread finished: Thread Group 2 - Heavy Load 2-25
2026-01-19 23:14:19,815 INFO o.a.j.t.JMeterThread: Thread started: Thread Group 2 - Heavy Load 2-27
2026-01-19 23:14:19,843 INFO o.a.j.t.JMeterThread: Thread is done: Thread Group 2 - Heavy Load 2-26
2026-01-19 23:14:19,843 INFO o.a.j.t.JMeterThread: Thread finished: Thread Group 2 - Heavy Load 2-26
2026-01-19 23:14:20,418 INFO o.a.j.t.JMeterThread: Thread started: Thread Group 2 - Heavy Load 2-28
2026-01-19 23:14:21,012 INFO o.a.j.t.JMeterThread: Thread is done: Thread Group 2 - Heavy Load 2-27
2026-01-19 23:14:21,012 INFO o.a.j.t.JMeterThread: Thread finished: Thread Group 2 - Heavy Load 2-27
2026-01-19 23:14:21,017 INFO o.a.j.t.JMeterThread: Thread started: Thread Group 2 - Heavy Load 2-29
2026-01-19 23:14:21,066 INFO o.a.j.t.JMeterThread: Thread is done: Thread Group 2 - Heavy Load 2-28
2026-01-19 23:14:21,066 INFO o.a.j.t.JMeterThread: Thread finished: Thread Group 2 - Heavy Load 2-28
2026-01-19 23:14:21,616 INFO o.a.j.t.JMeterThread: Thread started: Thread Group 2 - Heavy Load 2-30
2026-01-19 23:14:21,674 INFO o.a.j.t.JMeterThread: Thread is done: Thread Group 2 - Heavy Load 2-29
2026-01-19 23:14:21,674 INFO o.a.j.t.JMeterThread: Thread finished: Thread Group 2 - Heavy Load 2-29
2026-01-19 23:14:22,215 INFO o.a.j.t.JMeterThread: Thread started: Thread Group 2 - Heavy Load 2-31
2026-01-19 23:14:22,715 INFO o.a.j.t.JMeterThread: Thread is done: Thread Group 2 - Heavy Load 2-30
2026-01-19 23:14:22,715 INFO o.a.j.t.JMeterThread: Thread finished: Thread Group 2 - Heavy Load 2-30
2026-01-19 23:14:22,816 INFO o.a.j.t.JMeterThread: Thread started: Thread Group 2 - Heavy Load 2-32
2026-01-19 23:14:22,951 INFO o.a.j.t.JMeterThread: Thread is done: Thread Group 2 - Heavy Load 2-31
2026-01-19 23:14:22,952 INFO o.a.j.t.JMeterThread: Thread finished: Thread Group 2 - Heavy Load 2-31
2026-01-19 23:14:23,413 INFO o.a.j.t.JMeterThread: Thread started: Thread Group 2 - Heavy Load 2-33
2026-01-19 23:14:23,435 INFO o.a.j.t.JMeterThread: Thread is done: Thread Group 2 - Heavy Load 2-32
2026-01-19 23:14:23,435 INFO o.a.j.t.JMeterThread: Thread finished: Thread Group 2 - Heavy Load 2-32
2026-01-19 23:14:24,015 INFO o.a.j.t.JMeterThread: Thread started: Thread Group 2 - Heavy Load 2-34
2026-01-19 23:14:24,528 INFO o.a.j.t.JMeterThread: Thread is done: Thread Group 2 - Heavy Load 2-33
2026-01-19 23:14:24,528 INFO o.a.j.t.JMeterThread: Thread finished: Thread Group 2 - Heavy Load 2-33
2026-01-19 23:14:24,616 INFO o.a.j.t.JMeterThread: Thread started: Thread Group 2 - Heavy Load 2-35
2026-01-19 23:14:24,877 INFO o.a.j.t.JMeterThread: Thread is done: Thread Group 2 - Heavy Load 2-34
2026-01-19 23:14:24,877 INFO o.a.j.t.JMeterThread: Thread finished: Thread Group 2 - Heavy Load 2-34
2026-01-19 23:14:25,214 INFO o.a.j.t.JMeterThread: Thread started: Thread Group 2 - Heavy Load 2-36
2026-01-19 23:14:25,419 INFO o.a.j.t.JMeterThread: Thread is done: Thread Group 2 - Heavy Load 2-35
2026-01-19 23:14:25,419 INFO o.a.j.t.JMeterThread: Thread finished: Thread Group 2 - Heavy Load 2-35
2026-01-19 23:14:25,815 INFO o.a.j.t.JMeterThread: Thread started: Thread Group 2 - Heavy Load 2-37
2026-01-19 23:14:25,986 INFO o.a.j.t.JMeterThread: Thread is done: Thread Group 2 - Heavy Load 2-36
2026-01-19 23:14:25,986 INFO o.a.j.t.JMeterThread: Thread finished: Thread Group 2 - Heavy Load 2-36
2026-01-19 23:14:26,416 INFO o.a.j.t.JMeterThread: Thread started: Thread Group 2 - Heavy Load 2-38
2026-01-19 23:14:26,588 INFO o.a.j.t.JMeterThread: Thread is done: Thread Group 2 - Heavy Load 2-37
2026-01-19 23:14:26,588 INFO o.a.j.t.JMeterThread: Thread finished: Thread Group 2 - Heavy Load 2-37
2026-01-19 23:14:27,016 INFO o.a.j.t.JMeterThread: Thread started: Thread Group 2 - Heavy Load 2-39
2026-01-19 23:14:27,352 INFO o.a.j.t.JMeterThread: Thread is done: Thread Group 2 - Heavy Load 2-38
2026-01-19 23:14:27,352 INFO o.a.j.t.JMeterThread: Thread finished: Thread Group 2 - Heavy Load 2-38
2026-01-19 23:14:27,614 INFO o.a.j.t.JMeterThread: Thread started: Thread Group 2 - Heavy Load 2-40
2026-01-19 23:14:27,701 INFO o.a.j.t.JMeterThread: Thread is done: Thread Group 2 - Heavy Load 2-39
2026-01-19 23:14:27,701 INFO o.a.j.t.JMeterThread: Thread finished: Thread Group 2 - Heavy Load 2-39
2026-01-19 23:14:28,218 INFO o.a.j.t.JMeterThread: Thread started: Thread Group 2 - Heavy Load 2-41
2026-01-19 23:14:28,397 INFO o.a.j.t.JMeterThread: Thread is done: Thread Group 2 - Heavy Load 2-40
2026-01-19 23:14:28,397 INFO o.a.j.t.JMeterThread: Thread finished: Thread Group 2 - Heavy Load 2-40
2026-01-19 23:14:28,819 INFO o.a.j.t.JMeterThread: Thread started: Thread Group 2 - Heavy Load 2-42
2026-01-19 23:14:29,187 INFO o.a.j.t.JMeterThread: Thread is done: Thread Group 2 - Heavy Load 2-41
2026-01-19 23:14:29,187 INFO o.a.j.t.JMeterThread: Thread finished: Thread Group 2 - Heavy Load 2-41
2026-01-19 23:14:29,414 INFO o.a.j.t.JMeterThread: Thread started: Thread Group 2 - Heavy Load 2-43
2026-01-19 23:14:30,013 INFO o.a.j.t.JMeterThread: Thread started: Thread Group 2 - Heavy Load 2-44
2026-01-19 23:14:30,018 INFO o.a.j.r.Summariser: summary +   2359 in 00:00:25 =   94.2/s Avg:   195 Min:    91 Max:  1030 Err:     0 (0.00%) Active: 23 Started: 74 Finished: 51
2026-01-19 23:14:30,019 INFO o.a.j.r.Summariser: summary =   2360 in 00:00:26 =   91.4/s Avg:   195 Min:    91 Max:  1030 Err:     0 (0.00%)
2026-01-19 23:14:30,151 INFO o.a.j.t.JMeterThread: Thread is done: Thread Group 2 - Heavy Load 2-42
2026-01-19 23:14:30,151 INFO o.a.j.t.JMeterThread: Thread finished: Thread Group 2 - Heavy Load 2-42
2026-01-19 23:14:30,161 INFO o.a.j.t.JMeterThread: Thread is done: Thread Group 2 - Heavy Load 2-43
2026-01-19 23:14:30,161 INFO o.a.j.t.JMeterThread: Thread finished: Thread Group 2 - Heavy Load 2-43
2026-01-19 23:14:30,616 INFO o.a.j.t.JMeterThread: Thread started: Thread Group 2 - Heavy Load 2-45
2026-01-19 23:14:30,745 INFO o.a.j.t.JMeterThread: Thread is done: Thread Group 2 - Heavy Load 2-44
2026-01-19 23:14:30,745 INFO o.a.j.t.JMeterThread: Thread finished: Thread Group 2 - Heavy Load 2-44
2026-01-19 23:14:31,219 INFO o.a.j.t.JMeterThread: Thread started: Thread Group 2 - Heavy Load 2-46
2026-01-19 23:14:31,293 INFO o.a.j.t.JMeterThread: Thread is done: Thread Group 2 - Heavy Load 2-45
2026-01-19 23:14:31,293 INFO o.a.j.t.JMeterThread: Thread finished: Thread Group 2 - Heavy Load 2-45
2026-01-19 23:14:31,815 INFO o.a.j.t.JMeterThread: Thread started: Thread Group 2 - Heavy Load 2-47
2026-01-19 23:14:31,859 INFO o.a.j.t.JMeterThread: Thread is done: Thread Group 2 - Heavy Load 2-46
2026-01-19 23:14:31,859 INFO o.a.j.t.JMeterThread: Thread finished: Thread Group 2 - Heavy Load 2-46
2026-01-19 23:14:32,419 INFO o.a.j.t.JMeterThread: Thread started: Thread Group 2 - Heavy Load 2-48
2026-01-19 23:14:32,603 INFO o.a.j.t.JMeterThread: Thread is done: Thread Group 2 - Heavy Load 2-47
2026-01-19 23:14:32,603 INFO o.a.j.t.JMeterThread: Thread finished: Thread Group 2 - Heavy Load 2-47
2026-01-19 23:14:33,015 INFO o.a.j.t.JMeterThread: Thread started: Thread Group 2 - Heavy Load 2-49
2026-01-19 23:14:33,190 INFO o.a.j.t.JMeterThread: Thread is done: Thread Group 2 - Heavy Load 2-48
2026-01-19 23:14:33,190 INFO o.a.j.t.JMeterThread: Thread finished: Thread Group 2 - Heavy Load 2-48
2026-01-19 23:14:33,615 INFO o.a.j.t.JMeterThread: Thread started: Thread Group 2 - Heavy Load 2-50
2026-01-19 23:14:34,194 INFO o.a.j.t.JMeterThread: Thread is done: Thread Group 2 - Heavy Load 2-49
2026-01-19 23:14:34,194 INFO o.a.j.t.JMeterThread: Thread finished: Thread Group 2 - Heavy Load 2-49
2026-01-19 23:14:34,690 INFO o.a.j.t.JMeterThread: Thread is done: Thread Group 2 - Heavy Load 2-50
2026-01-19 23:14:34,690 INFO o.a.j.t.JMeterThread: Thread finished: Thread Group 2 - Heavy Load 2-50
2026-01-19 23:15:00,013 INFO o.a.j.r.Summariser: summary +   3111 in 00:00:30 =  103.7/s Avg:   195 Min:   106 Max:   878 Err:     0 (0.00%) Active: 20 Started: 80 Finished: 60
2026-01-19 23:15:00,014 INFO o.a.j.r.Summariser: summary =   5471 in 00:00:56 =   98.0/s Avg:   195 Min:    91 Max:  1030 Err:     0 (0.00%)
2026-01-19 23:15:04,232 INFO o.a.j.t.JMeterThread: Stopping because end time detected by thread: Thread Group 3 - Custom 3-14
2026-01-19 23:15:04,232 INFO o.a.j.t.JMeterThread: Thread finished: Thread Group 3 - Custom 3-14
2026-01-19 23:15:04,272 INFO o.a.j.t.JMeterThread: Stopping because end time detected by thread: Thread Group 3 - Custom 3-15
2026-01-19 23:15:04,273 INFO o.a.j.t.JMeterThread: Thread finished: Thread Group 3 - Custom 3-15
2026-01-19 23:15:04,290 INFO o.a.j.t.JMeterThread: Stopping because end time detected by thread: Thread Group 3 - Custom 3-11
2026-01-19 23:15:04,290 INFO o.a.j.t.JMeterThread: Thread finished: Thread Group 3 - Custom 3-11
2026-01-19 23:15:04,297 INFO o.a.j.t.JMeterThread: Stopping because end time detected by thread: Thread Group 3 - Custom 3-17
2026-01-19 23:15:04,297 INFO o.a.j.t.JMeterThread: Thread finished: Thread Group 3 - Custom 3-17
2026-01-19 23:15:04,333 INFO o.a.j.t.JMeterThread: Stopping because end time detected by thread: Thread Group 3 - Custom 3-7
2026-01-19 23:15:04,333 INFO o.a.j.t.JMeterThread: Thread finished: Thread Group 3 - Custom 3-7
2026-01-19 23:15:04,344 INFO o.a.j.t.JMeterThread: Stopping because end time detected by thread: Thread Group 3 - Custom 3-10
2026-01-19 23:15:04,344 INFO o.a.j.t.JMeterThread: Thread finished: Thread Group 3 - Custom 3-10
2026-01-19 23:15:04,344 INFO o.a.j.t.JMeterThread: Stopping because end time detected by thread: Thread Group 3 - Custom 3-9
2026-01-19 23:15:04,344 INFO o.a.j.t.JMeterThread: Thread finished: Thread Group 3 - Custom 3-9
2026-01-19 23:15:04,385 INFO o.a.j.t.JMeterThread: Stopping because end time detected by thread: Thread Group 3 - Custom 3-20
2026-01-19 23:15:04,385 INFO o.a.j.t.JMeterThread: Thread finished: Thread Group 3 - Custom 3-20
2026-01-19 23:15:04,412 INFO o.a.j.t.JMeterThread: Stopping because end time detected by thread: Thread Group 3 - Custom 3-1
2026-01-19 23:15:04,412 INFO o.a.j.t.JMeterThread: Thread finished: Thread Group 3 - Custom 3-1
2026-01-19 23:15:04,506 INFO o.a.j.t.JMeterThread: Stopping because end time detected by thread: Thread Group 3 - Custom 3-3
2026-01-19 23:15:04,506 INFO o.a.j.t.JMeterThread: Thread finished: Thread Group 3 - Custom 3-3
2026-01-19 23:15:04,514 INFO o.a.j.t.JMeterThread: Stopping because end time detected by thread: Thread Group 3 - Custom 3-16
2026-01-19 23:15:04,515 INFO o.a.j.t.JMeterThread: Thread finished: Thread Group 3 - Custom 3-16
